
2019-06-25 14:00:45.539107 error  value 1
2019-07-05 08:53:05.420246 info jdhjd
2019-07-05 08:57:09.805439 info tishi
2019-07-05 08:59:14.406471 info tishi
2019-07-05 15:12:14.203679 error 必发数据错误0002
2019-07-08 17:08:16.372226 error 欧洲指数无数据0001
2019-07-08 17:08:16.575126 error 亚盘无数据0001
2019-07-08 17:08:17.033168 error 必发无数据bifa0001
2019-07-08 17:09:53.742256 error 欧洲指数无数据0001
2019-07-08 17:09:53.877055 error 亚盘无数据0001
2019-07-08 17:09:54.318184 error 必发无数据bifa0001
2019-07-08 17:09:54.624517 error 欧洲指数无数据0001
2019-07-08 17:09:54.773778 error 亚盘无数据0001
2019-07-08 17:09:55.077834 error 必发无数据bifa0001
2019-07-08 17:10:05.776609 error 欧洲指数无数据0001
2019-07-08 17:10:05.929972 error 亚盘无数据0001
2019-07-08 17:10:06.267771 error 必发无数据bifa0001
2019-07-08 17:10:15.785327 error 必发数据错误bifa0002
2019-07-08 17:10:16.264792 error 欧洲指数无数据0001
2019-07-08 17:10:16.400694 error 亚盘无数据0001
2019-07-08 17:10:16.696413 error 必发无数据bifa0001
2019-07-08 17:10:27.293265 error 欧洲指数无数据0001
2019-07-08 17:10:27.447210 error 亚盘无数据0001
2019-07-08 17:10:27.753162 error 必发无数据bifa0001
2019-07-08 17:10:38.097797 error 欧洲指数无数据0001
2019-07-08 17:10:38.234719 error 亚盘无数据0001
2019-07-08 17:10:38.533626 error 必发无数据bifa0001
2019-07-08 17:10:47.851147 error 必发数据错误bifa0002
2019-07-08 17:10:48.313377 error 欧洲指数无数据0001
2019-07-08 17:10:48.447400 error 亚盘无数据0001
2019-07-08 17:10:48.761355 error 必发无数据bifa0001
2019-07-08 17:10:59.347786 error 欧洲指数无数据0001
2019-07-08 17:10:59.488637 error 亚盘无数据0001
2019-07-08 17:10:59.826635 error 必发无数据bifa0001
2019-07-08 17:11:09.350633 error 必发数据错误bifa0002
2019-07-08 17:11:09.786147 error 欧洲指数无数据0001
2019-07-08 17:11:09.924613 error 亚盘无数据0001
2019-07-08 17:11:10.257483 error 必发无数据bifa0001
2019-07-08 17:11:21.563271 error 欧洲指数无数据0001
2019-07-08 17:11:21.701899 error 亚盘无数据0001
2019-07-08 17:11:22.005210 error 必发无数据bifa0001
2019-07-08 17:11:33.000919 error 欧洲指数无数据0001
2019-07-08 17:11:33.137667 error 亚盘无数据0001
2019-07-08 17:11:33.436643 error 必发无数据bifa0001
2019-07-08 17:11:44.783983 error 欧洲指数无数据0001
2019-07-08 17:11:44.912432 error 亚盘无数据0001
2019-07-08 17:11:45.204700 error 必发无数据bifa0001
2019-07-08 17:11:57.614723 error 欧洲指数无数据0001
2019-07-08 17:11:57.737472 error 亚盘无数据0001
2019-07-08 17:11:58.069281 error 必发无数据bifa0001
2019-07-08 17:12:08.491598 error 必发数据错误bifa0002
2019-07-08 17:12:09.000635 error 欧洲指数无数据0001
2019-07-08 17:12:09.137141 error 亚盘无数据0001
2019-07-08 17:12:09.444943 error 必发无数据bifa0001
2019-07-08 17:12:20.791869 error 欧洲指数无数据0001
2019-07-08 17:12:20.928790 error 亚盘无数据0001
2019-07-08 17:12:21.258600 error 必发无数据bifa0001
2019-07-08 17:12:31.461246 error 必发数据错误bifa0002
2019-07-08 17:12:31.948000 error 欧洲指数无数据0001
2019-07-08 17:12:32.098305 error 亚盘无数据0001
2019-07-08 17:12:32.453100 error 必发无数据bifa0001
2019-07-08 17:12:43.129562 error 欧洲指数无数据0001
2019-07-08 17:12:43.272909 error 亚盘无数据0001
2019-07-08 17:12:43.557572 error 必发无数据bifa0001
2019-07-08 17:12:55.061830 error 欧洲指数无数据0001
2019-07-08 17:12:55.193752 error 亚盘无数据0001
2019-07-08 17:12:55.476589 error 必发无数据bifa0001
2019-07-08 17:13:06.070917 error 欧洲指数无数据0001
2019-07-08 17:13:06.205279 error 亚盘无数据0001
2019-07-08 17:13:06.593019 error 必发无数据bifa0001
2019-07-08 17:13:16.142848 error 必发数据错误bifa0002
2019-07-08 17:13:16.515183 error 欧洲指数无数据0001
2019-07-08 17:13:16.642891 error 亚盘无数据0001
2019-07-08 17:13:16.885313 error 必发无数据bifa0001
2019-07-08 17:13:27.772478 error 欧洲指数无数据0001
2019-07-08 17:13:27.914273 error 亚盘无数据0001
2019-07-08 17:13:28.197010 error 必发无数据bifa0001
2019-07-08 17:13:39.022091 error 欧洲指数无数据0001
2019-07-08 17:13:39.170302 error 亚盘无数据0001
2019-07-08 17:13:39.457754 error 必发无数据bifa0001
2019-07-08 17:13:50.084323 error 欧洲指数无数据0001
2019-07-08 17:13:50.270470 error 亚盘无数据0001
2019-07-08 17:13:50.575767 error 必发无数据bifa0001
2019-07-08 17:14:01.551803 error 欧洲指数无数据0001
2019-07-08 17:14:01.683014 error 亚盘无数据0001
2019-07-08 17:14:01.986414 error 必发无数据bifa0001
2019-07-08 17:14:11.668521 error 必发数据错误bifa0002
2019-07-08 17:14:12.131395 error 欧洲指数无数据0001
2019-07-08 17:14:12.267049 error 亚盘无数据0001
2019-07-08 17:14:12.545064 error 必发无数据bifa0001
2019-07-08 17:14:23.745139 error 欧洲指数无数据0001
2019-07-08 17:14:23.859633 error 亚盘无数据0001
2019-07-08 17:14:24.155404 error 必发无数据bifa0001
2019-07-08 17:14:34.482328 error 欧洲指数无数据0001
2019-07-08 17:14:34.616473 error 亚盘无数据0001
2019-07-08 17:14:34.922043 error 必发无数据bifa0001
2019-07-08 17:14:45.862105 error 欧洲指数无数据0001
2019-07-08 17:14:45.993834 error 亚盘无数据0001
2019-07-08 17:14:46.278207 error 必发无数据bifa0001
2019-07-08 17:45:52.901702 error 必发无数据bifa0001
2019-07-08 17:46:49.855084 error 必发无数据bifa0001
2019-07-08 18:05:44.050702 error 欧洲指数无数据0001
2019-07-08 18:05:44.193946 error 亚盘无数据0001
2019-07-08 18:05:44.675608 error 必发无数据bifa0001
2019-07-08 18:05:55.878134 error 欧洲指数无数据0001
2019-07-08 18:05:56.020278 error 亚盘无数据0001
2019-07-08 18:05:56.324671 error 必发无数据bifa0001
2019-07-08 18:06:07.591226 error 欧洲指数无数据0001
2019-07-08 18:06:07.742843 error 亚盘无数据0001
2019-07-08 18:06:08.070376 error 必发无数据bifa0001
2019-07-08 18:06:18.248038 error 欧洲指数无数据0001
2019-07-08 18:06:18.380962 error 亚盘无数据0001
2019-07-08 18:06:18.697928 error 必发无数据bifa0001
2019-07-08 18:06:29.247328 error 欧洲指数无数据0001
2019-07-08 18:06:29.375253 error 亚盘无数据0001
2019-07-08 18:06:29.689072 error 必发无数据bifa0001
2019-07-08 18:06:39.902729 error 欧洲指数无数据0001
2019-07-08 18:06:40.048755 error 亚盘无数据0001
2019-07-08 18:06:40.338845 error 必发无数据bifa0001
2019-07-08 18:06:51.238751 error 欧洲指数无数据0001
2019-07-08 18:06:51.377906 error 亚盘无数据0001
2019-07-08 18:06:51.684324 error 必发无数据bifa0001
2019-07-08 18:07:02.677597 error 欧洲指数无数据0001
2019-07-08 18:07:02.816651 error 亚盘无数据0001
2019-07-08 18:07:03.100125 error 必发无数据bifa0001
2019-07-08 18:15:26.317074 error 欧洲指数无数据0001
2019-07-08 18:15:26.465216 error 亚盘无数据0001
2019-07-08 18:15:26.962544 error 必发无数据bifa0001
2019-07-08 18:15:27.260188 error 欧洲指数无数据0001
2019-07-08 18:15:27.405263 error 亚盘无数据0001
2019-07-08 18:15:27.718190 error 必发无数据bifa0001
2019-07-08 18:15:28.001027 error 欧洲指数无数据0001
2019-07-08 18:15:28.137948 error 亚盘无数据0001
2019-07-08 18:15:28.470052 error 必发无数据bifa0001
2019-07-08 18:15:28.744705 error 欧洲指数无数据0001
2019-07-08 18:15:28.874834 error 亚盘无数据0001
2019-07-08 18:15:29.170651 error 必发无数据bifa0001
2019-07-08 18:15:29.448031 error 欧洲指数无数据0001
2019-07-08 18:15:29.588535 error 亚盘无数据0001
2019-07-08 18:15:29.911794 error 必发无数据bifa0001
2019-07-08 18:15:30.209351 error 欧洲指数无数据0001
2019-07-08 18:15:30.340805 error 亚盘无数据0001
2019-07-08 18:15:30.650491 error 必发无数据bifa0001
2019-07-08 18:15:30.929567 error 欧洲指数无数据0001
2019-07-08 18:15:31.079331 error 亚盘无数据0001
2019-07-08 18:15:31.411093 error 必发无数据bifa0001
2019-07-08 18:15:31.688221 error 欧洲指数无数据0001
2019-07-08 18:15:31.825745 error 亚盘无数据0001
2019-07-08 18:15:32.157978 error 必发无数据bifa0001
2019-07-08 18:15:42.054739 error 欧洲指数无数据0001
2019-07-08 18:15:42.176780 error 亚盘无数据0001
2019-07-08 18:15:42.484443 error 必发无数据bifa0001
2019-07-08 18:15:52.017080 error 欧洲指数无数据0001
2019-07-08 18:15:52.147245 error 亚盘无数据0001
2019-07-08 18:15:52.421238 error 必发无数据bifa0001
2019-07-08 18:16:02.052879 error 欧洲指数无数据0001
2019-07-08 18:16:02.185802 error 亚盘无数据0001
2019-07-08 18:16:02.480632 error 必发无数据bifa0001
2019-07-08 18:16:11.291084 error 欧洲指数无数据0001
2019-07-08 18:16:11.423141 error 亚盘无数据0001
2019-07-08 18:16:11.738861 error 必发无数据bifa0001
2019-07-08 18:16:21.573353 error 欧洲指数无数据0001
2019-07-08 18:16:21.713969 error 亚盘无数据0001
2019-07-08 18:16:22.026786 error 必发无数据bifa0001
2019-07-08 18:16:31.905552 error 欧洲指数无数据0001
2019-07-08 18:16:32.047759 error 亚盘无数据0001
2019-07-08 18:16:32.361075 error 必发无数据bifa0001
2019-07-08 18:16:41.345520 error 欧洲指数无数据0001
2019-07-08 18:16:41.480803 error 亚盘无数据0001
2019-07-08 18:16:41.782409 error 必发无数据bifa0001
2019-07-08 18:16:51.281669 error 欧洲指数无数据0001
2019-07-08 18:16:51.414956 error 亚盘无数据0001
2019-07-08 18:16:51.748240 error 必发无数据bifa0001
2019-07-08 18:17:00.822024 error 欧洲指数无数据0001
2019-07-08 18:17:00.966155 error 亚盘无数据0001
2019-07-08 18:17:01.251270 error 必发无数据bifa0001
2019-07-08 18:17:12.996494 error 欧洲指数无数据0001
2019-07-08 18:17:13.133124 error 亚盘无数据0001
2019-07-08 18:17:13.450026 error 必发无数据bifa0001
2019-07-08 18:17:24.619168 error 欧洲指数无数据0001
2019-07-08 18:17:24.761485 error 亚盘无数据0001
2019-07-08 18:17:25.094372 error 必发无数据bifa0001
2019-07-08 18:17:36.690401 error 欧洲指数无数据0001
2019-07-08 18:17:36.830031 error 亚盘无数据0001
2019-07-08 18:17:37.115086 error 必发无数据bifa0001
2019-07-08 18:17:49.022609 error 欧洲指数无数据0001
2019-07-08 18:17:49.162823 error 亚盘无数据0001
2019-07-08 18:17:49.450846 error 必发无数据bifa0001
2019-07-08 18:18:01.179053 error 欧洲指数无数据0001
2019-07-08 18:18:01.337316 error 亚盘无数据0001
2019-07-08 18:18:01.669113 error 必发无数据bifa0001
2019-07-08 18:18:13.041974 error 欧洲指数无数据0001
2019-07-08 18:18:13.165109 error 亚盘无数据0001
2019-07-08 18:18:13.447834 error 必发无数据bifa0001
2019-07-08 18:18:25.392165 error 欧洲指数无数据0001
2019-07-08 18:18:25.521090 error 亚盘无数据0001
2019-07-08 18:18:25.811923 error 必发无数据bifa0001
2019-07-08 18:18:38.034876 error 欧洲指数无数据0001
2019-07-08 18:18:38.171016 error 亚盘无数据0001
2019-07-08 18:18:38.454202 error 必发无数据bifa0001
2019-07-08 18:18:50.538074 error 欧洲指数无数据0001
2019-07-08 18:18:50.676582 error 亚盘无数据0001
2019-07-08 18:18:50.982451 error 必发无数据bifa0001
2019-07-08 18:19:01.947379 error 欧洲指数无数据0001
2019-07-08 18:19:02.073408 error 亚盘无数据0001
2019-07-08 18:19:02.399094 error 必发无数据bifa0001
2019-07-08 18:19:13.311544 error 欧洲指数无数据0001
2019-07-08 18:19:13.476508 error 亚盘无数据0001
2019-07-08 18:19:13.791112 error 必发无数据bifa0001
2019-07-08 18:19:24.926697 error 欧洲指数无数据0001
2019-07-08 18:19:25.076825 error 亚盘无数据0001
2019-07-08 18:19:25.324160 error 必发无数据bifa0001
2019-07-08 18:19:35.834060 error 欧洲指数无数据0001
2019-07-08 18:19:35.969969 error 亚盘无数据0001
2019-07-08 18:19:36.253447 error 必发无数据bifa0001
2019-07-08 18:19:46.773931 error 欧洲指数无数据0001
2019-07-08 18:19:46.912068 error 亚盘无数据0001
2019-07-08 18:19:47.190507 error 必发无数据bifa0001
2019-07-08 18:19:58.087175 error 欧洲指数无数据0001
2019-07-08 18:19:58.225499 error 亚盘无数据0001
2019-07-08 18:19:58.531910 error 必发无数据bifa0001
2019-07-08 18:20:09.383629 error 欧洲指数无数据0001
2019-07-08 18:20:09.526907 error 亚盘无数据0001
2019-07-08 18:20:09.827135 error 必发无数据bifa0001
2019-07-08 18:20:19.933835 error 欧洲指数无数据0001
2019-07-08 18:20:20.066758 error 亚盘无数据0001
2019-07-08 18:20:20.368583 error 必发无数据bifa0001
2019-07-08 18:20:30.951214 error 欧洲指数无数据0001
2019-07-08 18:20:31.077332 error 亚盘无数据0001
2019-07-08 18:20:31.361625 error 必发无数据bifa0001
2019-07-08 18:20:41.761658 error 欧洲指数无数据0001
2019-07-08 18:20:41.890803 error 亚盘无数据0001
2019-07-08 18:20:42.195256 error 必发无数据bifa0001
2019-07-08 18:20:53.329178 error 欧洲指数无数据0001
2019-07-08 18:20:53.463708 error 亚盘无数据0001
2019-07-08 18:20:53.769192 error 必发无数据bifa0001
2019-07-08 18:21:05.242304 error 欧洲指数无数据0001
2019-07-08 18:21:05.383193 error 亚盘无数据0001
2019-07-08 18:21:05.703826 error 必发无数据bifa0001
2019-07-08 18:21:16.245680 error 欧洲指数无数据0001
2019-07-08 18:21:16.390929 error 亚盘无数据0001
2019-07-08 18:21:16.706019 error 必发无数据bifa0001
2019-07-08 18:21:27.917649 error 欧洲指数无数据0001
2019-07-08 18:21:28.055613 error 亚盘无数据0001
2019-07-08 18:21:28.375019 error 必发无数据bifa0001
2019-07-08 18:21:38.868339 error 欧洲指数无数据0001
2019-07-08 18:21:39.006388 error 亚盘无数据0001
2019-07-08 18:21:39.336923 error 必发无数据bifa0001
2019-07-08 18:21:50.622046 error 欧洲指数无数据0001
2019-07-08 18:21:50.751036 error 亚盘无数据0001
2019-07-08 18:21:51.041387 error 必发无数据bifa0001
2019-07-08 18:22:02.190903 error 欧洲指数无数据0001
2019-07-08 18:22:02.330819 error 亚盘无数据0001
2019-07-08 18:22:02.663898 error 必发无数据bifa0001
2019-07-08 18:22:13.790255 error 欧洲指数无数据0001
2019-07-08 18:22:13.922481 error 亚盘无数据0001
2019-07-08 18:22:14.215408 error 必发无数据bifa0001
2019-07-08 18:22:25.745309 error 欧洲指数无数据0001
2019-07-08 18:22:25.885228 error 亚盘无数据0001
2019-07-08 18:22:26.198048 error 必发无数据bifa0001
2019-07-08 18:22:37.583512 error 欧洲指数无数据0001
2019-07-08 18:22:37.720433 error 亚盘无数据0001
2019-07-08 18:22:38.021878 error 必发无数据bifa0001
2019-07-08 18:22:49.002200 error 欧洲指数无数据0001
2019-07-08 18:22:49.132125 error 亚盘无数据0001
2019-07-08 18:22:49.439264 error 必发无数据bifa0001
2019-07-08 18:23:00.987191 error 欧洲指数无数据0001
2019-07-08 18:23:01.119066 error 亚盘无数据0001
2019-07-08 18:23:01.436783 error 必发无数据bifa0001
2019-07-08 18:23:12.658946 error 欧洲指数无数据0001
2019-07-08 18:23:12.791015 error 亚盘无数据0001
2019-07-08 18:23:13.070472 error 必发无数据bifa0001
2019-07-08 18:23:24.978065 error 欧洲指数无数据0001
2019-07-08 18:23:25.101121 error 亚盘无数据0001
2019-07-08 18:23:25.413556 error 必发无数据bifa0001
2019-07-08 18:23:37.267887 error 欧洲指数无数据0001
2019-07-08 18:23:37.405917 error 亚盘无数据0001
2019-07-08 18:23:37.696968 error 必发无数据bifa0001
2019-07-08 18:23:49.460376 error 欧洲指数无数据0001
2019-07-08 18:23:49.597188 error 亚盘无数据0001
2019-07-08 18:23:49.904042 error 必发无数据bifa0001
2019-07-08 18:24:01.268445 error 欧洲指数无数据0001
2019-07-08 18:24:01.405545 error 亚盘无数据0001
2019-07-08 18:24:01.930672 error 必发无数据bifa0001
2019-07-08 18:24:12.521288 error 欧洲指数无数据0001
2019-07-08 18:24:12.665511 error 亚盘无数据0001
2019-07-08 18:24:12.962412 error 必发无数据bifa0001
2019-07-08 18:24:23.638795 error 欧洲指数无数据0001
2019-07-08 18:24:23.790921 error 亚盘无数据0001
2019-07-08 18:24:24.101045 error 必发无数据bifa0001
2019-07-08 18:24:34.516579 error 欧洲指数无数据0001
2019-07-08 18:24:34.653694 error 亚盘无数据0001
2019-07-08 18:24:34.961980 error 必发无数据bifa0001
2019-07-08 18:24:46.142140 error 欧洲指数无数据0001
2019-07-08 18:24:46.278287 error 亚盘无数据0001
2019-07-08 18:24:46.567638 error 必发无数据bifa0001
2019-07-08 18:24:57.435234 error 欧洲指数无数据0001
2019-07-08 18:24:57.572083 error 亚盘无数据0001
2019-07-08 18:24:57.891705 error 必发无数据bifa0001
2019-07-08 18:25:08.136338 error 欧洲指数无数据0001
2019-07-08 18:25:08.249967 error 亚盘无数据0001
2019-07-08 18:25:08.575235 error 必发无数据bifa0001
2019-07-08 18:25:19.369504 error 欧洲指数无数据0001
2019-07-08 18:25:19.496532 error 亚盘无数据0001
2019-07-08 18:25:19.787523 error 必发无数据bifa0001
2019-07-08 18:25:30.425312 error 欧洲指数无数据0001
2019-07-08 18:25:30.562104 error 亚盘无数据0001
2019-07-08 18:25:30.895410 error 必发无数据bifa0001
2019-07-08 18:25:41.708044 error 欧洲指数无数据0001
2019-07-08 18:25:41.893424 error 亚盘无数据0001
2019-07-08 18:25:42.214147 error 必发无数据bifa0001
2019-07-08 18:25:53.486592 error 欧洲指数无数据0001
2019-07-08 18:25:53.631701 error 亚盘无数据0001
2019-07-08 18:25:53.927928 error 必发无数据bifa0001
2019-07-08 18:26:05.107607 error 欧洲指数无数据0001
2019-07-08 18:26:05.243989 error 亚盘无数据0001
2019-07-08 18:26:05.543751 error 必发无数据bifa0001
2019-07-08 18:26:16.150333 error 欧洲指数无数据0001
2019-07-08 18:26:16.281330 error 亚盘无数据0001
2019-07-08 18:26:16.595148 error 必发无数据bifa0001
2019-07-08 18:26:27.995700 error 欧洲指数无数据0001
2019-07-08 18:26:28.132771 error 亚盘无数据0001
2019-07-08 18:26:28.434484 error 必发无数据bifa0001
2019-07-08 18:26:39.100314 error 欧洲指数无数据0001
2019-07-08 18:26:39.232475 error 亚盘无数据0001
2019-07-08 18:26:39.554461 error 必发无数据bifa0001
2019-07-08 18:26:51.063729 error 欧洲指数无数据0001
2019-07-08 18:26:51.206076 error 亚盘无数据0001
2019-07-08 18:26:51.533253 error 必发无数据bifa0001
2019-07-08 18:27:03.192675 error 欧洲指数无数据0001
2019-07-08 18:27:03.329774 error 亚盘无数据0001
2019-07-08 18:27:03.643039 error 必发无数据bifa0001
2019-07-08 18:27:15.100291 error 欧洲指数无数据0001
2019-07-08 18:27:15.238646 error 亚盘无数据0001
2019-07-08 18:27:15.533305 error 必发无数据bifa0001
2019-07-08 18:27:26.169976 error 欧洲指数无数据0001
2019-07-08 18:27:26.304851 error 亚盘无数据0001
2019-07-08 18:27:26.629042 error 必发无数据bifa0001
2019-07-08 18:27:37.015205 error 欧洲指数无数据0001
2019-07-08 18:27:37.152305 error 亚盘无数据0001
2019-07-08 18:27:37.450493 error 必发无数据bifa0001
2019-07-08 18:27:47.803930 error 欧洲指数无数据0001
2019-07-08 18:27:47.942097 error 亚盘无数据0001
2019-07-08 18:27:48.240937 error 必发无数据bifa0001
2019-07-08 18:27:58.814095 error 欧洲指数无数据0001
2019-07-08 18:27:58.950168 error 亚盘无数据0001
2019-07-08 18:27:59.238425 error 必发无数据bifa0001
2019-07-08 18:28:10.107950 error 欧洲指数无数据0001
2019-07-08 18:28:10.244938 error 亚盘无数据0001
2019-07-08 18:28:10.562873 error 必发无数据bifa0001
2019-07-08 18:28:20.646534 error 欧洲指数无数据0001
2019-07-08 18:28:20.779457 error 亚盘无数据0001
2019-07-08 18:28:21.096274 error 必发无数据bifa0001
2019-07-08 18:28:31.593836 error 欧洲指数无数据0001
2019-07-08 18:28:31.733704 error 亚盘无数据0001
2019-07-08 18:28:32.026517 error 必发无数据bifa0001
2019-07-08 18:28:42.010692 error 欧洲指数无数据0001
2019-07-08 18:28:42.142219 error 亚盘无数据0001
2019-07-08 18:28:42.425024 error 必发无数据bifa0001
2019-07-08 18:28:53.107737 error 欧洲指数无数据0001
2019-07-08 18:28:53.246353 error 亚盘无数据0001
2019-07-08 18:28:53.544207 error 必发无数据bifa0001
2019-07-08 18:29:04.149707 error 欧洲指数无数据0001
2019-07-08 18:29:04.283062 error 亚盘无数据0001
2019-07-08 18:29:04.598797 error 必发无数据bifa0001
2019-07-08 18:29:14.511250 error 欧洲指数无数据0001
2019-07-08 18:29:14.650367 error 亚盘无数据0001
2019-07-08 18:29:14.977677 error 必发无数据bifa0001
2019-07-08 18:29:24.922742 error 欧洲指数无数据0001
2019-07-08 18:29:25.061621 error 亚盘无数据0001
2019-07-08 18:29:25.375661 error 必发无数据bifa0001
2019-07-08 18:29:35.155555 error 欧洲指数无数据0001
2019-07-08 18:29:35.283481 error 亚盘无数据0001
2019-07-08 18:29:35.591699 error 必发无数据bifa0001
2019-07-08 18:29:45.395194 error 欧洲指数无数据0001
2019-07-08 18:29:45.517903 error 亚盘无数据0001
2019-07-08 18:29:45.826055 error 必发无数据bifa0001
2019-07-08 18:29:55.433875 error 欧洲指数无数据0001
2019-07-08 18:29:55.563590 error 亚盘无数据0001
2019-07-08 18:29:55.858474 error 必发无数据bifa0001
2019-07-08 18:30:05.880088 error 欧洲指数无数据0001
2019-07-08 18:30:06.023449 error 亚盘无数据0001
2019-07-08 18:30:06.329541 error 必发无数据bifa0001
2019-07-08 18:30:16.860391 error 欧洲指数无数据0001
2019-07-08 18:30:16.998312 error 亚盘无数据0001
2019-07-08 18:30:17.311353 error 必发无数据bifa0001
2019-07-08 18:30:27.307845 error 欧洲指数无数据0001
2019-07-08 18:30:27.443846 error 亚盘无数据0001
2019-07-08 18:30:27.764622 error 必发无数据bifa0001
2019-07-08 18:30:37.641546 error 欧洲指数无数据0001
2019-07-08 18:30:37.779467 error 亚盘无数据0001
2019-07-08 18:30:38.159247 error 必发无数据bifa0001
2019-07-08 18:30:46.384982 error 欧洲指数无数据0001
2019-07-08 18:30:46.509106 error 亚盘无数据0001
2019-07-08 18:30:46.817490 error 必发无数据bifa0001
2019-07-08 18:30:55.418831 error 欧洲指数无数据0001
2019-07-08 18:30:55.548756 error 亚盘无数据0001
2019-07-08 18:30:55.837943 error 必发无数据bifa0001
2019-07-08 18:31:04.375972 error 欧洲指数无数据0001
2019-07-08 18:31:04.508381 error 亚盘无数据0001
2019-07-08 18:31:04.804927 error 必发无数据bifa0001
2019-07-08 18:31:13.590226 error 欧洲指数无数据0001
2019-07-08 18:31:13.741287 error 亚盘无数据0001
2019-07-08 18:31:14.036942 error 必发无数据bifa0001
2019-07-08 18:31:22.332642 error 欧洲指数无数据0001
2019-07-08 18:31:22.466194 error 亚盘无数据0001
2019-07-08 18:31:22.770714 error 必发无数据bifa0001
2019-07-08 18:31:31.436106 error 欧洲指数无数据0001
2019-07-08 18:31:31.579912 error 亚盘无数据0001
2019-07-08 18:31:31.910088 error 必发无数据bifa0001
2019-07-08 18:31:40.270145 error 欧洲指数无数据0001
2019-07-08 18:31:40.405226 error 亚盘无数据0001
2019-07-08 18:31:40.696997 error 必发无数据bifa0001
2019-07-08 18:31:49.096726 error 欧洲指数无数据0001
2019-07-08 18:31:49.224370 error 亚盘无数据0001
2019-07-08 18:31:49.524567 error 必发无数据bifa0001
2019-07-08 18:31:57.972922 error 欧洲指数无数据0001
2019-07-08 18:31:58.125835 error 亚盘无数据0001
2019-07-08 18:31:58.413668 error 必发无数据bifa0001
2019-07-08 18:32:07.575647 error 欧洲指数无数据0001
2019-07-08 18:32:07.722506 error 亚盘无数据0001
2019-07-08 18:32:08.065462 error 必发无数据bifa0001
2019-07-08 18:32:17.839157 error 欧洲指数无数据0001
2019-07-08 18:32:17.965119 error 亚盘无数据0001
2019-07-08 18:32:18.250573 error 必发无数据bifa0001
2019-07-08 18:32:27.607453 error 欧洲指数无数据0001
2019-07-08 18:32:27.746945 error 亚盘无数据0001
2019-07-08 18:32:28.038507 error 必发无数据bifa0001
2019-07-08 18:32:37.403658 error 欧洲指数无数据0001
2019-07-08 18:32:37.530621 error 亚盘无数据0001
2019-07-08 18:32:37.837934 error 必发无数据bifa0001
2019-07-08 18:32:47.170609 error 欧洲指数无数据0001
2019-07-08 18:32:47.304662 error 亚盘无数据0001
2019-07-08 18:32:47.604628 error 必发无数据bifa0001
2019-07-08 18:32:57.371123 error 欧洲指数无数据0001
2019-07-08 18:32:57.513282 error 亚盘无数据0001
2019-07-08 18:32:57.824572 error 必发无数据bifa0001
2019-07-08 18:33:07.449813 error 欧洲指数无数据0001
2019-07-08 18:33:07.586897 error 亚盘无数据0001
2019-07-08 18:33:07.868765 error 必发无数据bifa0001
2019-07-08 18:33:16.899792 error 欧洲指数无数据0001
2019-07-08 18:33:17.034714 error 亚盘无数据0001
2019-07-08 18:33:17.322362 error 必发无数据bifa0001
